<?xml version="1.0" encoding="UTF-8"?>
<!-- Generated by org.testng.reporters.JUnitReportReporter -->
<testsuite hostname="Tolgahans-MacBook-Pro.local" failures="0" tests="1" name="services.booking.test" time="6.459" errors="0" timestamp="2022-01-29T23:12:00 EET" skipped="0">
  <testcase classname="services.booking.test" name="sample" time="6.459"/>
  <system-out/>
</testsuite> <!-- services.booking.test -->
