<?xml version="1.0" encoding="UTF-8"?>
<!-- Generated by org.testng.reporters.JUnitReportReporter -->
<testsuite hostname="Tolgahans-MacBook-Pro.local" failures="0" tests="4" name="services.auth.CreateTokenTest" time="9.073" errors="0" timestamp="2022-01-29T22:54:07 EET" skipped="0">
  <testcase classname="services.auth.CreateTokenTest" name="createTokenHappyPath" time="0.989"/>
  <system-out/>
  <testcase classname="services.auth.CreateTokenTest" name="createTokenInvalidPassword" time="0.916"/>
  <system-out/>
  <testcase classname="services.auth.CreateTokenTest" name="createTokenEmptyInput" time="6.038"/>
  <system-out/>
  <testcase classname="services.auth.CreateTokenTest" name="createTokenInvalidUsername" time="1.130"/>
  <system-out/>
</testsuite> <!-- services.auth.CreateTokenTest -->
