<?xml version="1.0" encoding="UTF-8"?>
<!-- Generated by org.testng.reporters.JUnitReportReporter -->
<testsuite hostname="Tolgahans-MacBook-Pro.local" failures="0" tests="1" name="services.booking.BookingFlowTest" time="1.382" errors="0" timestamp="2022-01-30T20:30:27 EET" skipped="0">
  <testcase classname="services.booking.BookingFlowTest" name="createToken" time="1.382"/>
  <system-out/>
</testsuite> <!-- services.booking.BookingFlowTest -->
